{"time":"2024-05-08T21:30:32.907805963-04:00","level":"INFO","msg":"Connected to the PostgreSQL database"}
{"time":"2024-05-08T21:30:32.907861902-04:00","level":"INFO","msg":"Migrating *models.User table..."}
{"time":"2024-05-08T21:30:32.94549333-04:00","level":"INFO","msg":"Migrating *models.ProviderPlatform table..."}
{"time":"2024-05-08T21:30:32.96997942-04:00","level":"INFO","msg":"Migrating *models.UserActivity table..."}
{"time":"2024-05-08T21:30:33.007599021-04:00","level":"INFO","msg":"Migrating *models.ProviderUserMapping table..."}
{"time":"2024-05-08T21:30:33.045306182-04:00","level":"INFO","msg":"Migrating *models.LeftMenuLink table..."}
{"time":"2024-05-08T21:30:33.050933525-04:00","level":"INFO","msg":"Migrating *models.Program table..."}
{"time":"2024-05-08T21:30:33.068938829-04:00","level":"INFO","msg":"Migrating *models.Milestone table..."}
{"time":"2024-05-08T21:30:33.083666572-04:00","level":"INFO","msg":"Migrating *models.Outcome table..."}
{"time":"2024-05-08T21:30:33.103340236-04:00","level":"INFO","msg":"Migrating *models.Activity table..."}
{"time":"2024-05-08T21:30:33.128383272-04:00","level":"INFO","msg":"Migrating *models.OidcClient table..."}
{"time":"2024-05-08T21:30:33.143453978-04:00","level":"INFO","msg":"Migrating *models.User table..."}
{"time":"2024-05-08T21:30:33.151467301-04:00","level":"INFO","msg":"Migrating *models.ProviderPlatform table..."}
{"time":"2024-05-08T21:30:33.159620292-04:00","level":"INFO","msg":"Migrating *models.UserActivity table..."}
{"time":"2024-05-08T21:30:33.175254401-04:00","level":"INFO","msg":"Migrating *models.ProviderUserMapping table..."}
{"time":"2024-05-08T21:30:33.195892478-04:00","level":"INFO","msg":"Migrating *models.LeftMenuLink table..."}
{"time":"2024-05-08T21:30:33.199475196-04:00","level":"INFO","msg":"Migrating *models.Program table..."}
{"time":"2024-05-08T21:30:33.210870866-04:00","level":"INFO","msg":"Migrating *models.Milestone table..."}
{"time":"2024-05-08T21:30:33.229036501-04:00","level":"INFO","msg":"Migrating *models.Outcome table..."}
{"time":"2024-05-08T21:30:33.257931424-04:00","level":"INFO","msg":"Migrating *models.Activity table..."}
{"time":"2024-05-08T21:30:33.287263506-04:00","level":"INFO","msg":"Migrating *models.OidcClient table..."}
{"time":"2024-05-08T21:30:33.300880671-04:00","level":"INFO","msg":"ENV: prod","!BADKEY":"Starting server on :8080"}
{"time":"2024-05-08T21:31:02.606752926-04:00","level":"INFO","msg":"User-Agent: curl/8.7.1"}
{"time":"2024-05-08T21:31:02.608659884-04:00","level":"INFO","msg":"Creating provider platform: &{{0 0001-01-01 00:00:00 +0000 UTC 0001-01-01 00:00:00 +0000 UTC {0001-01-01 00:00:00 +0000 UTC false}} canvas_oss CanvasLMS Staging instance of canvas https://www.instructure.com/sites/default/files/image/2022-09/White-Canvas-Logo-No-Inst-png.png 1 jWfWuUQY5CJ+l08nFOstGYGYG/PSVNNC2HXty7Tbe39tyatS14rAl8WIfRA2ghzqRD4z4YarUgmPamoZpItkNIT+WQLBAwBf+8PpZSzOghg= https://staging.canvas.unlockedlabs.xyz enabled  0 [] []}"}
{"time":"2024-05-08T21:32:25.366904935-04:00","level":"INFO","msg":"Checking password for user SuperAdmin"}
{"time":"2024-05-08T21:32:25.420758136-04:00","level":"INFO","msg":"Password authentication failed for: ChangeMe!"}
{"time":"2024-05-08T21:32:43.736062602-04:00","level":"INFO","msg":"Checking password for user SuperAdmin"}
{"time":"2024-05-08T21:32:43.792842454-04:00","level":"INFO","msg":"ENV: prod","login challenge initiated":"iG8R2fFJeUIrFLyJ_Mk_xXVgw7uH_AbhMQz-PgavpFRsXwuShbH4hQodQk9UX9xjUXqrXgUG4wwXfplxdx6RR4qvcEVuA4-dmsPXv04Uw3-1ZIlZiSZstUE6AW7a22mAdPMZ1__qHlBrs2gIHS0999wLTVPjE2diWwyQ64se8DYfycPISUfiaVUboRtOvSMHiusjbewPSWLnIePzr5Dp58nGD34XfI_yL9lTX57MZGMzpBDbEsnHnO5Nz_qPQRyvjyApDU1ME-3SkgHSZD_Mbz5Wiy6unGu_ST5hu58VoVV8m8duX4j_MhkxRaduCpJRwMymW5HW-PT8NTRGczcprFf8drUF4jTUxJh66FebdeLDncpti6iWnNF12R01fTpV0PlOo0WJSEogpzNNElW1D-KG4TerMTy3zEvXIk6Fd8oht-purjkvHkhWDiuOdxmv_i8ajSZt61QIT695KhjDFW6JFGLU7qiWq9o4SpJBFQu1ix5SPd2YM0QrP4Kk-bufBOavs32B0J8ExZqVv9VDF3_U3DsdY5OPZvi-Kceg39cievLQT-EFoLGIQYfPCj2cBE4tyy4JY0EON0fJLYYPlqzrhTY9djAE_dwXljHBTJdG_nHf5AtzOW109yviFSYuYlNObBPUR8uvpIvTydIZzh8HHrSsiUrMfiQNswkciDbyIMJze8GRpqM8eLeZDNgAOU7TUYCS0NJIY4QSPVjd4oB8bKNVESgptOG_Uov3fco9u_X00-U98z1AVtvqDqxF-YN57BOuvYKMLQL_g91NV4bUzhjslnMGB1xAFwnb59OejENPTqbzkuYdQxO8aYoLlGrWlSq0AkpKx4uKVxyqsDsMChADZJl7L7h9ifqke3z-lsEvOwQIfokn-EI-4WYGM-QNe-94kdPq-g0zJSlQXx52IbE5A3Qg3kdUVDOaqZ1Rmh-asfpKSaHkY4m6psWnRzp2tZErG4XmKm1cfaiy6fe-WHrQR2VjJ5bzdo-_07suIm9jP0c8VxxwpRJZ5mVYq2n6cnpK_rQ0vOg1MCpTCxeBYVKidCzF3k1qNs8rHyxxv_1_1574BbSRDw1IjpJPkEncqXyvbpj9qfCwxaDVa-IAPACghlhS_UKsauwzbDGhYejXEJAtpyQUD2fRJadMgDLPqGCvT3EnLrIoITIkqI7033KOfrT_QGFHPE9o5eB7wbVoOPp2NzCA2vvnuZcmkOgRxShIwgl-kmOQIwBShc79OYkUOfrmH_vzR6xSSxIkY4xxi5nVBA9DkZ6MRhM9pLcRvs_derxVWCPoUdIopVOviGGUBeyO-eiYXE3o7_nDy6pI-AbJlxDf8MVzVHEqKm_DYy2Lkwzino1kgkzwtcExGcpMaIQc5r6greK96_uU4rIogsV97YNZ2fXP3SCGIPCryJkfAmBqx1sfj3zcHFngqrBsMcg2bfC2wGFIaKh-gjlP5ZvQ5NAZvKm3gNqhUYAmDMuGS6vXDVQhdC11jfSLW3tyEs1Lxc4g122Q0CBpGtfFouilqqjkyAZNZWqXp8lp2j5sgDBKoValE8jEyWaVHf96JKssKFfRwzDMhndBUMZPzLTtIiNrOzemWNSocGCgSjCc2d7zt2YIXfpvPNbCsr2tKGK5K6QEz4C4hquwbWru4dN1p7sDXVSCzWZt8xy0L5-FMokWjIz8-y0sEvkECXbWlxkNTdhKgE0zawnVpOEHnM-as6_WHi4yuJ0xgI0EqH3xvZP8vRZyoKasYTYv_XqBXspwpMWTXcGWZYY_98HAJ6gMWTnRULPx1N2u-i64ncTcFEb4lQ=="}
{"time":"2024-05-08T21:32:43.79503408-04:00","level":"INFO","msg":"http: superfluous response.WriteHeader call from Go-Prototype/backend/cmd/handlers.(*Server).WriteResponse (server.go:154)"}
{"time":"2024-05-08T21:34:42.53953649-04:00","level":"INFO","msg":"User-Agent: Mozilla/5.0 (X11; Linux x86_64; rv:125.0) Gecko/20100101 Firefox/125.0"}
{"time":"2024-05-08T21:36:18.417527752-04:00","level":"INFO","msg":"Checking password for user SuperAdmin"}
{"time":"2024-05-08T21:36:18.468400417-04:00","level":"INFO","msg":"ENV: prod","login challenge initiated":"JyYU9IMIfgrFnYFM0GbS5irOF5rd-pPIIpCXcK3w4Ee2UI-yStuuYPSt4VLbFDtil3hbBwcbr1pFpNDQfo-mLboz2acnwK7kmhPOYRUf1bt4VT6OyV0bh-13H3dywju7B69nC-ncoYvc3rLKmvAj_KCCxcu9I0nSu_w5b7W9wusYqxBbkXDMLJqw4vQrYd-6FK0fIuaHgRspVKK1ppRbOhwJCTuZenMDyPonPUiFuPoZ91DS83uhktKAdTQfnvMKvYs4oMJqSsV5GoX0hiDJPE3JKAF1wgGGGPUU5O6m_sbM5EiT3lU9H_QFsw2EBI1FmK4Yvfe5pbIFeduHyaxZs0FMhzcitxebLwnAp27yUGDSYC0JQs0JbIXiuP6cQ1unIyZHM1vU1RFPm9S9_1RxL1TZrX_UaMHsCA_ztL3zy72nYKUh5FzY2XtlDC71yAae8wtG1f7xMszMDtZACDewJsojKe41G5KAW_wiwc9mUWqC8cb_pJxFgHa8iYXzIaBmBXx4jZt5jdNNeVjq9D21hKoOSrau_zsk3kNCSFQkxuDSWrF0MY5HDc_3YGP0qiNTms3wRUUHb1Oz5QDyQhly98KmH47YZ-pZdAUink84en3Ejc2rbvHRI720GAVdyoopXkhCSxv7fPNnYmURWOWr-xtY_CRVDOAqbYTW1z2qMO-DIvzq4QbjQbY1YIdIagrf64uXHTKuwlyydUHnPdDd_L9MFlz-HHqgrh3nCK6dvUSa2-t-56M0_13yqw__5jGg-zTKOicErdup5ZE3hCnPG5KYDLpcSGjufOmwn-k8I9rSd7E3i2-GqSG7ok5iw47ACVlYNwgYZ5oZH9MchEOCgqpO-svbr-9bPo0CqPM4ao80v7jGRH4imQ0_f6H3eFSSwqduU46ab2iIbBP35Q79oAJQGbB8tQqitn7GauxsqsLvp9gO6Md9p1LW1HSIJ2Djty1HYkUl9HLKukTzqaNbfcGdKAesjlcSDDxG9adKlVtl3zXAxGOMBAIhe5OzZmJZZkAIpD4c-5fnqqnJm1CGbOnmjHnX-nYT-H57QnntWJFFMoTDC7BmpbmIkkKjiAgfvY9fI3b5iu-qAZWiE9rkfxtbEpW5vtqBODq3PKptCzvE_KbA3xfZeHEuKeGLURU7Jmgia6wx7sL4hILcIBNC_f4jzpuQQnH9soFy8I23nr6l5NnvIj62OZe5Xnu24c-ZzD5tFIUux_P0v5fkGn4jcwJnZVKFQYFh1rUCxUgZZ-Ecn0JngsqfB30p0e5pxcmMkjEsb_5CLdOSK3T_diE5GoUvPW68fVe4rsGbQL2LPRdtFCj4FW4qh2dZuEtVhEDzgXXjRWtMGDevbco2OxH69duQ50ZI5jbc1TSbLE3yr4W_4SI5ISC-8j8EPXmdOYrc5ppCeRO5ZEDR11mRcZmhCJU9DjN8qd8OCbgVXq_A4ICKHG4fb3otLXHOh-65qj-8LRRcpsabz2hBeCNLCeld5Pj_XKKun2AphIV2TWCM-lELAhCWTSshYHDi9gKERN-88TRwvpPkccpF3CPXnTPwwYHyeOACQY8Wq05LUUgym3iAqWJGlMXla2XFdTTdp4jh3ny0b8SgjOdAm7Dj0U6TsEp3jvo6JcbHfjY9h0CE-HejD1iR2u-ma-IGAwP-Ccymjn5qfLU8RE9TPv2lRpxM4uJoOOCeleyVJaowWjXmfJhHZbzv6lY9DmoKOPapGm4pKtwWWA4XvB0V2dB6NUOczSG1tjOkFZKsJwa1g_T210t-8OVNgPNXkwRThpco9w0dWfNws4BJU1Icvaeu"}
{"time":"2024-05-08T21:36:18.470353346-04:00","level":"INFO","msg":"http: superfluous response.WriteHeader call from Go-Prototype/backend/cmd/handlers.(*Server).WriteResponse (server.go:154)"}
{"time":"2024-05-08T21:36:44.500795419-04:00","level":"INFO","msg":"Checking password for user SuperAdmin"}
{"time":"2024-05-08T21:36:44.551869939-04:00","level":"INFO","msg":"ENV: prod","login challenge initiated":"OQFu-QzO7LG9aWAlg0mednly78TXZgJTEn3dSt8WsUmszG0RorJzpi8yK6UrCiGudub2c9ht8wgIIdTW7_oQN2LK83VF_2q-fL5_Qw3Wle069S5t5h6vA0-h3r-QIDeHXW_vFznO1tN0Jp-6DCI4d0Bf8e5V-votaRdZuww7Ku2IgGlJ-OfpxLI7DMPjWrlcx13egq5qny_q24BqnuB-Tfr4Qv1FOHlM4mgBi6NF85AKQs5BNEUSl9ePplx1T146hAbrMnACYLuVtSAeevJzu-T0xsp2-0RJQfgM3Z2ebIzeHd-_GNlxE4nhrDigTm_bNxzTAUeTw8t9vmB-hklzTJMGh0h8J6fDNz_kahUoqtW2RaxzRkc0WtZdEAsJgzCVrt_UzgwC6ajsFF4ka59J58V0Fd1QZFo1dQS9e5Te8e5kfg7l5ESMHeWgIg716Fc6IsgVnDvq0npYZUwUDUB23Ad6H6N_QiaB2WUZAH_PqhelMEgTzYCXegVpJBy1Bnet07dI75v_zcRR4SqJpWcSFQzzdospSU34ceHVZepdAcvFfH8njKBJEvsZHynnqlxqF3FR7oPGe-lqXoFGyALhUDLxxEB02U0fE7ILFhEYI7zydREN6g6S5G23S6RnwVB_ZFSVY2b0ncA5568IZBkKiBr_FDfzv1L0OJqhWfLWPW9oez9VyYaAyl2jMLuvvE9GnEqxIXfq_a2rXhtmu1ZXAz0s2bGgdLxNftPNJbvm-lMEKS_t9O5gzlvBBtDY4iRdFYscW2PIjyRJWmdudjQrq25KYuV3hdzFM_S7MO9G5MBMc-zi9HWQOX8b41xkszPSyMMwQMJ2Qg3rJn_HVFXn5GzbnY9k4M5xAmh1bF1L4oSrAMowmJTG8hWXHBFb7zsBQDT9Hi28wX1q7mJxOLEcrXeuFDwkrCg7sstJEBaonLC0oCkThAsxTSi98Fz4gwOjZjR4Q4qnkzVi8u3KMRu6By_Fmt2Frpr9_KIsZn5JHha-5dVLpv7X0i6ZB-n9Q9bBQ-uYDIsWenWGUTDtnOkFHcRMvsUh_gLsSr-8LWWF5npcgkZyElKPAPAp0R78xvWPE51cTaVwLvSFTxKxayGNOIJFwifOwHR_It9SufTgRg1lN6xgN6iq3Hnx9gZPrxYayW5PFDkopvA-sWCcYTK8BSQtCcBCnjv93LpzIxOKqNDBRhMeEfiRnsNh0JsdxMIad_e4_WirdgYV3RZMX8uc2fbeadcW8LhzEJiAGMQqEX_8Zasz0h86CcJdPgZtljhzCvbUIG52CXI24aKWNAHh23wb91vMvUbvQwCfS4xT_uBVco1W2fTwlkdKvUNrLi-3Ad4nn-prf8O56y3WsKo1MeSIVxTllc0tLnXUwkYnDET9byGLXGDRlwcOVVOHwBjzuifX1MEX_fAjvvJ7-4meaQSCJA5ZSSvrG5TMZc3m1B_mAufXIemgszxBCp18OjelxYk9NXTZUAqOK5NByOLI-RHlJo8BWuMdPePIhn54jfn2C1qHjgTdBLytZ2cr2k_Xk38ZnxNEj3gcUqi-6WvjnMPm6-dp-fE87vRDFJZiBWAQyBEm8Qg-9QMp9JlOS1Xhjyvxr7_9kvzWp-hw2-K1DJrsFRQUNoHr8j1rkHm6jQOaTafzu58SAtetLm6TL0xuUpmTIAMezweTFBsvwqQ5Vmzf6_sdnRTxWuD-tZeO4GHLx1oUupkNgxL8V_bCV_bz1fVE6XECt6pviFpQct2Yc3AZYRfpwcpCq65Dc3E9fGjSJXB0oL0vfZhiOZINYYs_qg_pS4Z3JtEmxnC6"}
{"time":"2024-05-08T21:36:44.553514972-04:00","level":"INFO","msg":"http: superfluous response.WriteHeader call from Go-Prototype/backend/cmd/handlers.(*Server).WriteResponse (server.go:154)"}
{"time":"2024-05-08T21:37:16.924419716-04:00","level":"INFO","msg":"Checking password for user SuperAdmin"}
{"time":"2024-05-08T21:37:16.977877168-04:00","level":"INFO","msg":"ENV: prod","login challenge initiated":"OQFu-QzO7LG9aWAlg0mednly78TXZgJTEn3dSt8WsUmszG0RorJzpi8yK6UrCiGudub2c9ht8wgIIdTW7_oQN2LK83VF_2q-fL5_Qw3Wle069S5t5h6vA0-h3r-QIDeHXW_vFznO1tN0Jp-6DCI4d0Bf8e5V-votaRdZuww7Ku2IgGlJ-OfpxLI7DMPjWrlcx13egq5qny_q24BqnuB-Tfr4Qv1FOHlM4mgBi6NF85AKQs5BNEUSl9ePplx1T146hAbrMnACYLuVtSAeevJzu-T0xsp2-0RJQfgM3Z2ebIzeHd-_GNlxE4nhrDigTm_bNxzTAUeTw8t9vmB-hklzTJMGh0h8J6fDNz_kahUoqtW2RaxzRkc0WtZdEAsJgzCVrt_UzgwC6ajsFF4ka59J58V0Fd1QZFo1dQS9e5Te8e5kfg7l5ESMHeWgIg716Fc6IsgVnDvq0npYZUwUDUB23Ad6H6N_QiaB2WUZAH_PqhelMEgTzYCXegVpJBy1Bnet07dI75v_zcRR4SqJpWcSFQzzdospSU34ceHVZepdAcvFfH8njKBJEvsZHynnqlxqF3FR7oPGe-lqXoFGyALhUDLxxEB02U0fE7ILFhEYI7zydREN6g6S5G23S6RnwVB_ZFSVY2b0ncA5568IZBkKiBr_FDfzv1L0OJqhWfLWPW9oez9VyYaAyl2jMLuvvE9GnEqxIXfq_a2rXhtmu1ZXAz0s2bGgdLxNftPNJbvm-lMEKS_t9O5gzlvBBtDY4iRdFYscW2PIjyRJWmdudjQrq25KYuV3hdzFM_S7MO9G5MBMc-zi9HWQOX8b41xkszPSyMMwQMJ2Qg3rJn_HVFXn5GzbnY9k4M5xAmh1bF1L4oSrAMowmJTG8hWXHBFb7zsBQDT9Hi28wX1q7mJxOLEcrXeuFDwkrCg7sstJEBaonLC0oCkThAsxTSi98Fz4gwOjZjR4Q4qnkzVi8u3KMRu6By_Fmt2Frpr9_KIsZn5JHha-5dVLpv7X0i6ZB-n9Q9bBQ-uYDIsWenWGUTDtnOkFHcRMvsUh_gLsSr-8LWWF5npcgkZyElKPAPAp0R78xvWPE51cTaVwLvSFTxKxayGNOIJFwifOwHR_It9SufTgRg1lN6xgN6iq3Hnx9gZPrxYayW5PFDkopvA-sWCcYTK8BSQtCcBCnjv93LpzIxOKqNDBRhMeEfiRnsNh0JsdxMIad_e4_WirdgYV3RZMX8uc2fbeadcW8LhzEJiAGMQqEX_8Zasz0h86CcJdPgZtljhzCvbUIG52CXI24aKWNAHh23wb91vMvUbvQwCfS4xT_uBVco1W2fTwlkdKvUNrLi-3Ad4nn-prf8O56y3WsKo1MeSIVxTllc0tLnXUwkYnDET9byGLXGDRlwcOVVOHwBjzuifX1MEX_fAjvvJ7-4meaQSCJA5ZSSvrG5TMZc3m1B_mAufXIemgszxBCp18OjelxYk9NXTZUAqOK5NByOLI-RHlJo8BWuMdPePIhn54jfn2C1qHjgTdBLytZ2cr2k_Xk38ZnxNEj3gcUqi-6WvjnMPm6-dp-fE87vRDFJZiBWAQyBEm8Qg-9QMp9JlOS1Xhjyvxr7_9kvzWp-hw2-K1DJrsFRQUNoHr8j1rkHm6jQOaTafzu58SAtetLm6TL0xuUpmTIAMezweTFBsvwqQ5Vmzf6_sdnRTxWuD-tZeO4GHLx1oUupkNgxL8V_bCV_bz1fVE6XECt6pviFpQct2Yc3AZYRfpwcpCq65Dc3E9fGjSJXB0oL0vfZhiOZINYYs_qg_pS4Z3JtEmxnC6"}
{"time":"2024-05-08T21:37:16.979547855-04:00","level":"INFO","msg":"http: superfluous response.WriteHeader call from Go-Prototype/backend/cmd/handlers.(*Server).WriteResponse (server.go:154)"}
{"time":"2024-05-08T21:37:23.231580934-04:00","level":"INFO","msg":"User-Agent: Mozilla/5.0 (X11; Linux x86_64; rv:125.0) Gecko/20100101 Firefox/125.0"}
{"time":"2024-05-08T21:37:43.273337726-04:00","level":"INFO","msg":"User-Agent: Mozilla/5.0 (X11; Linux x86_64; rv:125.0) Gecko/20100101 Firefox/125.0"}
{"time":"2024-05-09T10:03:57.036031007-04:00","level":"INFO","msg":"Connected to the PostgreSQL database"}
{"time":"2024-05-09T10:03:57.036087509-04:00","level":"INFO","msg":"Migrating *models.User table..."}
{"time":"2024-05-09T10:03:57.07302567-04:00","level":"INFO","msg":"Migrating *models.ProviderPlatform table..."}
{"time":"2024-05-09T10:03:57.091741725-04:00","level":"INFO","msg":"Migrating *models.UserActivity table..."}
{"time":"2024-05-09T10:03:57.121564387-04:00","level":"INFO","msg":"Migrating *models.ProviderUserMapping table..."}
{"time":"2024-05-09T10:03:57.155423246-04:00","level":"INFO","msg":"Migrating *models.LeftMenuLink table..."}
{"time":"2024-05-09T10:03:57.157587743-04:00","level":"INFO","msg":"Migrating *models.Program table..."}
{"time":"2024-05-09T10:03:57.166474625-04:00","level":"INFO","msg":"Migrating *models.Milestone table..."}
{"time":"2024-05-09T10:03:57.178064445-04:00","level":"INFO","msg":"Migrating *models.Outcome table..."}
{"time":"2024-05-09T10:03:57.192976706-04:00","level":"INFO","msg":"Migrating *models.Activity table..."}
{"time":"2024-05-09T10:03:57.209503108-04:00","level":"INFO","msg":"Migrating *models.OidcClient table..."}
{"time":"2024-05-09T10:03:57.217747163-04:00","level":"INFO","msg":"Migrating *models.User table..."}
{"time":"2024-05-09T10:03:57.222094761-04:00","level":"INFO","msg":"Migrating *models.ProviderPlatform table..."}
{"time":"2024-05-09T10:03:57.226730076-04:00","level":"INFO","msg":"Migrating *models.UserActivity table..."}
{"time":"2024-05-09T10:03:57.234485073-04:00","level":"INFO","msg":"Migrating *models.ProviderUserMapping table..."}
{"time":"2024-05-09T10:03:57.247905126-04:00","level":"INFO","msg":"Migrating *models.LeftMenuLink table..."}
{"time":"2024-05-09T10:03:57.249943472-04:00","level":"INFO","msg":"Migrating *models.Program table..."}
{"time":"2024-05-09T10:03:57.259196327-04:00","level":"INFO","msg":"Migrating *models.Milestone table..."}
{"time":"2024-05-09T10:03:57.269735167-04:00","level":"INFO","msg":"Migrating *models.Outcome table..."}
{"time":"2024-05-09T10:03:57.285522351-04:00","level":"INFO","msg":"Migrating *models.Activity table..."}
{"time":"2024-05-09T10:03:57.301221526-04:00","level":"INFO","msg":"Migrating *models.OidcClient table..."}
{"time":"2024-05-09T10:03:57.310884325-04:00","level":"INFO","msg":"ENV: prod","Starting server on :":"8080"}
{"time":"2024-05-09T10:03:57.310920197-04:00","level":"INFO","msg":"Starting server on : 8080"}
{"time":"2024-05-09T10:04:25.346336842-04:00","level":"INFO","msg":"Connected to the PostgreSQL database"}
{"time":"2024-05-09T10:04:25.346387393-04:00","level":"INFO","msg":"Migrating *models.User table..."}
{"time":"2024-05-09T10:04:25.382362176-04:00","level":"INFO","msg":"Migrating *models.ProviderPlatform table..."}
{"time":"2024-05-09T10:04:25.395953526-04:00","level":"INFO","msg":"Migrating *models.UserActivity table..."}
{"time":"2024-05-09T10:04:25.420433159-04:00","level":"INFO","msg":"Migrating *models.ProviderUserMapping table..."}
{"time":"2024-05-09T10:04:25.448678477-04:00","level":"INFO","msg":"Migrating *models.LeftMenuLink table..."}
{"time":"2024-05-09T10:04:25.451376973-04:00","level":"INFO","msg":"Migrating *models.Program table..."}
{"time":"2024-05-09T10:04:25.459916736-04:00","level":"INFO","msg":"Migrating *models.Milestone table..."}
{"time":"2024-05-09T10:04:25.472665425-04:00","level":"INFO","msg":"Migrating *models.Outcome table..."}
{"time":"2024-05-09T10:04:25.488365814-04:00","level":"INFO","msg":"Migrating *models.Activity table..."}
{"time":"2024-05-09T10:04:25.504457122-04:00","level":"INFO","msg":"Migrating *models.OidcClient table..."}
{"time":"2024-05-09T10:04:25.513321183-04:00","level":"INFO","msg":"Migrating *models.User table..."}
{"time":"2024-05-09T10:04:25.518167233-04:00","level":"INFO","msg":"Migrating *models.ProviderPlatform table..."}
{"time":"2024-05-09T10:04:25.522573419-04:00","level":"INFO","msg":"Migrating *models.UserActivity table..."}
{"time":"2024-05-09T10:04:25.529359268-04:00","level":"INFO","msg":"Migrating *models.ProviderUserMapping table..."}
{"time":"2024-05-09T10:04:25.540495117-04:00","level":"INFO","msg":"Migrating *models.LeftMenuLink table..."}
{"time":"2024-05-09T10:04:25.542230152-04:00","level":"INFO","msg":"Migrating *models.Program table..."}
{"time":"2024-05-09T10:04:25.549912056-04:00","level":"INFO","msg":"Migrating *models.Milestone table..."}
{"time":"2024-05-09T10:04:25.560191275-04:00","level":"INFO","msg":"Migrating *models.Outcome table..."}
{"time":"2024-05-09T10:04:25.5756416-04:00","level":"INFO","msg":"Migrating *models.Activity table..."}
{"time":"2024-05-09T10:04:25.591096945-04:00","level":"INFO","msg":"Migrating *models.OidcClient table..."}
{"time":"2024-05-09T10:04:25.598826877-04:00","level":"INFO","msg":"ENV: prod","Starting server on :":"8080"}
{"time":"2024-05-09T11:07:14.412441897-04:00","level":"INFO","msg":"Connected to the PostgreSQL database"}
{"time":"2024-05-09T11:07:14.412474722-04:00","level":"INFO","msg":"Migrating *models.User table..."}
{"time":"2024-05-09T11:07:14.445904884-04:00","level":"INFO","msg":"Migrating *models.ProviderPlatform table..."}
{"time":"2024-05-09T11:07:14.467442936-04:00","level":"INFO","msg":"Migrating *models.UserActivity table..."}
{"time":"2024-05-09T11:07:14.494828035-04:00","level":"INFO","msg":"Migrating *models.ProviderUserMapping table..."}
{"time":"2024-05-09T11:07:14.530785377-04:00","level":"INFO","msg":"Migrating *models.LeftMenuLink table..."}
{"time":"2024-05-09T11:07:14.533129205-04:00","level":"INFO","msg":"Migrating *models.Program table..."}
{"time":"2024-05-09T11:07:14.542532944-04:00","level":"INFO","msg":"Migrating *models.Milestone table..."}
{"time":"2024-05-09T11:07:14.557777941-04:00","level":"INFO","msg":"Migrating *models.Outcome table..."}
{"time":"2024-05-09T11:07:14.577594047-04:00","level":"INFO","msg":"Migrating *models.Activity table..."}
{"time":"2024-05-09T11:07:14.595131834-04:00","level":"INFO","msg":"Migrating *models.OidcClient table..."}
{"time":"2024-05-09T11:07:14.6055728-04:00","level":"INFO","msg":"Migrating *models.User table..."}
{"time":"2024-05-09T11:07:14.610047263-04:00","level":"INFO","msg":"Migrating *models.ProviderPlatform table..."}
{"time":"2024-05-09T11:07:14.614694469-04:00","level":"INFO","msg":"Migrating *models.UserActivity table..."}
{"time":"2024-05-09T11:07:14.622013712-04:00","level":"INFO","msg":"Migrating *models.ProviderUserMapping table..."}
{"time":"2024-05-09T11:07:14.634593713-04:00","level":"INFO","msg":"Migrating *models.LeftMenuLink table..."}
{"time":"2024-05-09T11:07:14.638479221-04:00","level":"INFO","msg":"Migrating *models.Program table..."}
{"time":"2024-05-09T11:07:14.650196299-04:00","level":"INFO","msg":"Migrating *models.Milestone table..."}
{"time":"2024-05-09T11:07:14.665330557-04:00","level":"INFO","msg":"Migrating *models.Outcome table..."}
{"time":"2024-05-09T11:07:14.703649969-04:00","level":"INFO","msg":"Migrating *models.Activity table..."}
{"time":"2024-05-09T11:07:14.732126485-04:00","level":"INFO","msg":"Migrating *models.OidcClient table..."}
{"time":"2024-05-09T11:07:14.746010257-04:00","level":"INFO","msg":"ENV: prod","Starting server on :":"8080"}
{"time":"2024-05-09T11:07:21.943764642-04:00","level":"INFO","msg":"ENV: prod","!BADKEY":"Checking auth handler"}
{"time":"2024-05-09T11:07:23.959190672-04:00","level":"INFO","msg":"ENV: prod","!BADKEY":"Checking auth handler"}
{"time":"2024-05-09T11:07:28.02824544-04:00","level":"INFO","msg":"ENV: prod","!BADKEY":"Checking auth handler"}
